<?xml version="1.0" encoding="UTF-8"?>
<!-- Generated by org.testng.reporters.JUnitReportReporter -->
<testsuite skipped="0" hostname="WINDOWS-8JREQPE" name="com.syntax.test.TestNGTest" tests="1" failures="0" timestamp="2020-05-19T13:42:49 EDT" time="0.012" errors="0">
  <testcase name="hello" time="0.012" classname="com.syntax.test.TestNGTest"/>
  <system-out/>
</testsuite> <!-- com.syntax.test.TestNGTest -->
